<?xml version="1.0" encoding="UTF-8" ?>
<testsuite failures="0" time="0.018" errors="0" skipped="0" tests="0" name="com.lockerz.thrift.TestClient">
  <properties>
    <property name="java.runtime.name" value="Java(TM) SE Runtime Environment"/>
    <property name="sun.boot.library.path" value="/System/Library/Java/JavaVirtualMachines/1.6.0.jdk/Contents/Libraries"/>
    <property name="java.vm.version" value="17.1-b03-307"/>
    <property name="awt.nativeDoubleBuffering" value="true"/>
    <property name="gopherProxySet" value="false"/>
    <property name="mrj.build" value="10M3261"/>
    <property name="java.vm.vendor" value="Apple Inc."/>
    <property name="java.vendor.url" value="http://www.apple.com/"/>
    <property name="path.separator" value=":"/>
    <property name="java.vm.name" value="Java HotSpot(TM) 64-Bit Server VM"/>
    <property name="file.encoding.pkg" value="sun.io"/>
    <property name="user.country" value="US"/>
    <property name="sun.java.launcher" value="SUN_STANDARD"/>
    <property name="sun.os.patch.level" value="unknown"/>
    <property name="java.vm.specification.name" value="Java Virtual Machine Specification"/>
    <property name="user.dir" value="/Users/jeisberg/Documents/workspace/template_thrift"/>
    <property name="java.runtime.version" value="1.6.0_22-b04-307-10M3261"/>
    <property name="java.awt.graphicsenv" value="apple.awt.CGraphicsEnvironment"/>
    <property name="basedir" value="/Users/jeisberg/Documents/workspace/template_thrift"/>
    <property name="java.endorsed.dirs" value="/System/Library/Java/JavaVirtualMachines/1.6.0.jdk/Contents/Home/lib/endorsed"/>
    <property name="os.arch" value="x86_64"/>
    <property name="surefire.real.class.path" value="/var/folders/Np/NpvW3SXVGTm9Rd+rf9X6aE+++TI/-Tmp-/surefirebooter8612210597465780892.jar"/>
    <property name="java.io.tmpdir" value="/var/folders/Np/NpvW3SXVGTm9Rd+rf9X6aE+++TI/-Tmp-/"/>
    <property name="line.separator" value="
"/>
    <property name="java.vm.specification.vendor" value="Sun Microsystems Inc."/>
    <property name="os.name" value="Mac OS X"/>
    <property name="sun.jnu.encoding" value="MacRoman"/>
    <property name="java.library.path" value=".:/Library/Java/Extensions:/System/Library/Java/Extensions:/usr/lib/java"/>
    <property name="surefire.test.class.path" value="/Users/jeisberg/Documents/workspace/template_thrift/target/test-classes:/Users/jeisberg/Documents/workspace/template_thrift/target/classes:/Users/jeisberg/.m2/repository/c3p0/c3p0/0.9.1.2/c3p0-0.9.1.2.jar:/Users/jeisberg/.m2/repository/com/googlecode/hibernate-memcached/1.2/hibernate-memcached-1.2.jar:/Users/jeisberg/.m2/repository/spy/memcached/2.3.1/memcached-2.3.1.jar:/Users/jeisberg/.m2/repository/org/slf4j/slf4j-api/1.6.1/slf4j-api-1.6.1.jar:/Users/jeisberg/.m2/repository/org/hibernate/hibernate/3.2.6.ga/hibernate-3.2.6.ga.jar:/Users/jeisberg/.m2/repository/net/sf/ehcache/ehcache/1.2.3/ehcache-1.2.3.jar:/Users/jeisberg/.m2/repository/commons-collections/commons-collections/2.1.1/commons-collections-2.1.1.jar:/Users/jeisberg/.m2/repository/asm/asm-attrs/1.5.3/asm-attrs-1.5.3.jar:/Users/jeisberg/.m2/repository/dom4j/dom4j/1.6.1/dom4j-1.6.1.jar:/Users/jeisberg/.m2/repository/antlr/antlr/2.7.6/antlr-2.7.6.jar:/Users/jeisberg/.m2/repository/cglib/cglib/2.1_3/cglib-2.1_3.jar:/Users/jeisberg/.m2/repository/asm/asm/1.5.3/asm-1.5.3.jar:/Users/jeisberg/.m2/repository/junit/junit/3.8.1/junit-3.8.1.jar:/Users/jeisberg/.m2/repository/org/springframework/spring-context/3.0.5.RELEASE/spring-context-3.0.5.RELEASE.jar:/Users/jeisberg/.m2/repository/org/springframework/spring-aop/3.0.5.RELEASE/spring-aop-3.0.5.RELEASE.jar:/Users/jeisberg/.m2/repository/aopalliance/aopalliance/1.0/aopalliance-1.0.jar:/Users/jeisberg/.m2/repository/org/springframework/spring-asm/3.0.5.RELEASE/spring-asm-3.0.5.RELEASE.jar:/Users/jeisberg/.m2/repository/org/springframework/spring-beans/3.0.5.RELEASE/spring-beans-3.0.5.RELEASE.jar:/Users/jeisberg/.m2/repository/org/springframework/spring-core/3.0.5.RELEASE/spring-core-3.0.5.RELEASE.jar:/Users/jeisberg/.m2/repository/org/springframework/spring-expression/3.0.5.RELEASE/spring-expression-3.0.5.RELEASE.jar:/Users/jeisberg/.m2/repository/org/springframework/spring-orm/3.0.5.RELEASE/spring-orm-3.0.5.RELEASE.jar:/Users/jeisberg/.m2/repository/org/springframework/spring-jdbc/3.0.5.RELEASE/spring-jdbc-3.0.5.RELEASE.jar:/Users/jeisberg/.m2/repository/org/springframework/spring-tx/3.0.5.RELEASE/spring-tx-3.0.5.RELEASE.jar:/Users/jeisberg/.m2/repository/log4j/log4j/1.2.16/log4j-1.2.16.jar:/Users/jeisberg/.m2/repository/org/slf4j/jcl-over-slf4j/1.6.1/jcl-over-slf4j-1.6.1.jar:/Users/jeisberg/.m2/repository/ch/qos/logback/log4j-bridge/0.9.7/log4j-bridge-0.9.7.jar:/Users/jeisberg/.m2/repository/ch/qos/logback/logback-classic/0.9.27/logback-classic-0.9.27.jar:/Users/jeisberg/.m2/repository/ch/qos/logback/logback-core/0.9.27/logback-core-0.9.27.jar:/Users/jeisberg/.m2/repository/org/apache/thrift/libthrift/0.6.1/libthrift-0.6.1.jar:/Users/jeisberg/.m2/repository/commons-lang/commons-lang/2.5/commons-lang-2.5.jar:/Users/jeisberg/.m2/repository/javax/servlet/servlet-api/2.5/servlet-api-2.5.jar:/Users/jeisberg/.m2/repository/org/apache/httpcomponents/httpclient/4.0.1/httpclient-4.0.1.jar:/Users/jeisberg/.m2/repository/org/apache/httpcomponents/httpcore/4.0.1/httpcore-4.0.1.jar:/Users/jeisberg/.m2/repository/commons-codec/commons-codec/1.3/commons-codec-1.3.jar:/Users/jeisberg/.m2/repository/geronimo-spec/geronimo-spec-jta/1.0.1B-rc4/geronimo-spec-jta-1.0.1B-rc4.jar:/Users/jeisberg/.m2/repository/mysql/mysql-connector-java/5.1.6/mysql-connector-java-5.1.6.jar:"/>
    <property name="java.specification.name" value="Java Platform API Specification"/>
    <property name="java.class.version" value="50.0"/>
    <property name="sun.management.compiler" value="HotSpot 64-Bit Server Compiler"/>
    <property name="os.version" value="10.6.6"/>
    <property name="http.nonProxyHosts" value="local|*.local|169.254/16|*.169.254/16"/>
    <property name="user.home" value="/Users/jeisberg"/>
    <property name="user.timezone" value=""/>
    <property name="java.awt.printerjob" value="apple.awt.CPrinterJob"/>
    <property name="java.specification.version" value="1.6"/>
    <property name="file.encoding" value="MacRoman"/>
    <property name="user.name" value="jeisberg"/>
    <property name="java.class.path" value="/Users/jeisberg/Documents/workspace/template_thrift/target/test-classes:/Users/jeisberg/Documents/workspace/template_thrift/target/classes:/Users/jeisberg/.m2/repository/c3p0/c3p0/0.9.1.2/c3p0-0.9.1.2.jar:/Users/jeisberg/.m2/repository/com/googlecode/hibernate-memcached/1.2/hibernate-memcached-1.2.jar:/Users/jeisberg/.m2/repository/spy/memcached/2.3.1/memcached-2.3.1.jar:/Users/jeisberg/.m2/repository/org/slf4j/slf4j-api/1.6.1/slf4j-api-1.6.1.jar:/Users/jeisberg/.m2/repository/org/hibernate/hibernate/3.2.6.ga/hibernate-3.2.6.ga.jar:/Users/jeisberg/.m2/repository/net/sf/ehcache/ehcache/1.2.3/ehcache-1.2.3.jar:/Users/jeisberg/.m2/repository/commons-collections/commons-collections/2.1.1/commons-collections-2.1.1.jar:/Users/jeisberg/.m2/repository/asm/asm-attrs/1.5.3/asm-attrs-1.5.3.jar:/Users/jeisberg/.m2/repository/dom4j/dom4j/1.6.1/dom4j-1.6.1.jar:/Users/jeisberg/.m2/repository/antlr/antlr/2.7.6/antlr-2.7.6.jar:/Users/jeisberg/.m2/repository/cglib/cglib/2.1_3/cglib-2.1_3.jar:/Users/jeisberg/.m2/repository/asm/asm/1.5.3/asm-1.5.3.jar:/Users/jeisberg/.m2/repository/junit/junit/3.8.1/junit-3.8.1.jar:/Users/jeisberg/.m2/repository/org/springframework/spring-context/3.0.5.RELEASE/spring-context-3.0.5.RELEASE.jar:/Users/jeisberg/.m2/repository/org/springframework/spring-aop/3.0.5.RELEASE/spring-aop-3.0.5.RELEASE.jar:/Users/jeisberg/.m2/repository/aopalliance/aopalliance/1.0/aopalliance-1.0.jar:/Users/jeisberg/.m2/repository/org/springframework/spring-asm/3.0.5.RELEASE/spring-asm-3.0.5.RELEASE.jar:/Users/jeisberg/.m2/repository/org/springframework/spring-beans/3.0.5.RELEASE/spring-beans-3.0.5.RELEASE.jar:/Users/jeisberg/.m2/repository/org/springframework/spring-core/3.0.5.RELEASE/spring-core-3.0.5.RELEASE.jar:/Users/jeisberg/.m2/repository/org/springframework/spring-expression/3.0.5.RELEASE/spring-expression-3.0.5.RELEASE.jar:/Users/jeisberg/.m2/repository/org/springframework/spring-orm/3.0.5.RELEASE/spring-orm-3.0.5.RELEASE.jar:/Users/jeisberg/.m2/repository/org/springframework/spring-jdbc/3.0.5.RELEASE/spring-jdbc-3.0.5.RELEASE.jar:/Users/jeisberg/.m2/repository/org/springframework/spring-tx/3.0.5.RELEASE/spring-tx-3.0.5.RELEASE.jar:/Users/jeisberg/.m2/repository/log4j/log4j/1.2.16/log4j-1.2.16.jar:/Users/jeisberg/.m2/repository/org/slf4j/jcl-over-slf4j/1.6.1/jcl-over-slf4j-1.6.1.jar:/Users/jeisberg/.m2/repository/ch/qos/logback/log4j-bridge/0.9.7/log4j-bridge-0.9.7.jar:/Users/jeisberg/.m2/repository/ch/qos/logback/logback-classic/0.9.27/logback-classic-0.9.27.jar:/Users/jeisberg/.m2/repository/ch/qos/logback/logback-core/0.9.27/logback-core-0.9.27.jar:/Users/jeisberg/.m2/repository/org/apache/thrift/libthrift/0.6.1/libthrift-0.6.1.jar:/Users/jeisberg/.m2/repository/commons-lang/commons-lang/2.5/commons-lang-2.5.jar:/Users/jeisberg/.m2/repository/javax/servlet/servlet-api/2.5/servlet-api-2.5.jar:/Users/jeisberg/.m2/repository/org/apache/httpcomponents/httpclient/4.0.1/httpclient-4.0.1.jar:/Users/jeisberg/.m2/repository/org/apache/httpcomponents/httpcore/4.0.1/httpcore-4.0.1.jar:/Users/jeisberg/.m2/repository/commons-codec/commons-codec/1.3/commons-codec-1.3.jar:/Users/jeisberg/.m2/repository/geronimo-spec/geronimo-spec-jta/1.0.1B-rc4/geronimo-spec-jta-1.0.1B-rc4.jar:/Users/jeisberg/.m2/repository/mysql/mysql-connector-java/5.1.6/mysql-connector-java-5.1.6.jar:"/>
    <property name="java.vm.specification.version" value="1.0"/>
    <property name="sun.arch.data.model" value="64"/>
    <property name="java.home" value="/System/Library/Java/JavaVirtualMachines/1.6.0.jdk/Contents/Home"/>
    <property name="java.specification.vendor" value="Sun Microsystems Inc."/>
    <property name="user.language" value="en"/>
    <property name="awt.toolkit" value="apple.awt.CToolkit"/>
    <property name="java.vm.info" value="mixed mode"/>
    <property name="java.version" value="1.6.0_22"/>
    <property name="java.ext.dirs" value="/Library/Java/Extensions:/System/Library/Java/Extensions:/System/Library/Java/JavaVirtualMachines/1.6.0.jdk/Contents/Home/lib/ext"/>
    <property name="sun.boot.class.path" value="/System/Library/Java/JavaVirtualMachines/1.6.0.jdk/Contents/Classes/jsfd.jar:/System/Library/Java/JavaVirtualMachines/1.6.0.jdk/Contents/Classes/classes.jar:/System/Library/Frameworks/JavaVM.framework/Frameworks/JavaRuntimeSupport.framework/Resources/Java/JavaRuntimeSupport.jar:/System/Library/Java/JavaVirtualMachines/1.6.0.jdk/Contents/Classes/ui.jar:/System/Library/Java/JavaVirtualMachines/1.6.0.jdk/Contents/Classes/laf.jar:/System/Library/Java/JavaVirtualMachines/1.6.0.jdk/Contents/Classes/sunrsasign.jar:/System/Library/Java/JavaVirtualMachines/1.6.0.jdk/Contents/Classes/jsse.jar:/System/Library/Java/JavaVirtualMachines/1.6.0.jdk/Contents/Classes/jce.jar:/System/Library/Java/JavaVirtualMachines/1.6.0.jdk/Contents/Classes/charsets.jar"/>
    <property name="java.vendor" value="Apple Inc."/>
    <property name="localRepository" value="/Users/jeisberg/.m2/repository"/>
    <property name="file.separator" value="/"/>
    <property name="java.vendor.url.bug" value="http://bugreport.apple.com/"/>
    <property name="sun.cpu.endian" value="little"/>
    <property name="sun.io.unicode.encoding" value="UnicodeLittle"/>
    <property name="mrj.version" value="1060.1.6.0_22-307"/>
    <property name="socksNonProxyHosts" value="local|*.local|169.254/16|*.169.254/16"/>
    <property name="ftp.nonProxyHosts" value="local|*.local|169.254/16|*.169.254/16"/>
    <property name="sun.cpu.isalist" value=""/>
  </properties>
</testsuite>